: 21 nodes 1 leaves 0.477047 minterms
ID =  0x33277	index = 0	T = 0x33276	E =  0x33272
ID =  0x33272	index = 5	T = 0x33271	E =  0x3326d
ID =  0x3326d	index = 10	T = 0x3326c	E =  0x33259
ID =  0x33259	index = 20	T = 0x33258	E = !1        
ID =  0x33258	index = 21	T = 0x33257	E = !1        
ID =  0x33257	index = 22	T = 0x33256	E = !1        
ID =  0x33256	index = 23	T = 0x33255	E = !1        
ID =  0x33255	index = 24	T = 1        	E = !1        
ID =  0x3326c	index = 11	T = 0x3326b	E =  0x33259
ID =  0x3326b	index = 12	T = 0x3326a	E =  0x33259
ID =  0x3326a	index = 13	T = 0x33269	E =  0x33259
ID =  0x33269	index = 14	T = 1        	E =  0x33259
ID =  0x33271	index = 6	T = 0x33270	E =  0x3326d
ID =  0x33270	index = 7	T = 0x3326f	E =  0x3326d
ID =  0x3326f	index = 8	T = 0x3326e	E =  0x3326d
ID =  0x3326e	index = 9	T = 1        	E =  0x3326d
ID =  0x33276	index = 1	T = 0x33275	E =  0x33272
ID =  0x33275	index = 2	T = 0x33274	E =  0x33272
ID =  0x33274	index = 3	T = 0x33273	E =  0x33272
ID =  0x33273	index = 4	T = 1        	E =  0x33272

0----0----0---------11111  1
0----0----10--------11111  1
0----0----110-------11111  1
0----0----1110------11111  1
0----0----11110-----11111  1
0----0----11111----------  1
0----10---0---------11111  1
0----10---10--------11111  1
0----10---110-------11111  1
0----10---1110------11111  1
0----10---11110-----11111  1
0----10---11111----------  1
0----110--0---------11111  1
0----110--10--------11111  1
0----110--110-------11111  1
0----110--1110------11111  1
0----110--11110-----11111  1
0----110--11111----------  1
0----1110-0---------11111  1
0----1110-10--------11111  1
0----1110-110-------11111  1
0----1110-1110------11111  1
0----1110-11110-----11111  1
0----1110-11111----------  1
0----111100---------11111  1
0----1111010--------11111  1
0----11110110-------11111  1
0----111101110------11111  1
0----1111011110-----11111  1
0----1111011111----------  1
0----11111---------------  1
10---0----0---------11111  1
10---0----10--------11111  1
10---0----110-------11111  1
10---0----1110------11111  1
10---0----11110-----11111  1
10---0----11111----------  1
10---10---0---------11111  1
10---10---10--------11111  1
10---10---110-------11111  1
10---10---1110------11111  1
10---10---11110-----11111  1
10---10---11111----------  1
10---110--0---------11111  1
10---110--10--------11111  1
10---110--110-------11111  1
10---110--1110------11111  1
10---110--11110-----11111  1
10---110--11111----------  1
10---1110-0---------11111  1
10---1110-10--------11111  1
10---1110-110-------11111  1
10---1110-1110------11111  1
10---1110-11110-----11111  1
10---1110-11111----------  1
10---111100---------11111  1
10---1111010--------11111  1
10---11110110-------11111  1
10---111101110------11111  1
10---1111011110-----11111  1
10---1111011111----------  1
10---11111---------------  1
110--0----0---------11111  1
110--0----10--------11111  1
110--0----110-------11111  1
110--0----1110------11111  1
110--0----11110-----11111  1
110--0----11111----------  1
110--10---0---------11111  1
110--10---10--------11111  1
110--10---110-------11111  1
110--10---1110------11111  1
110--10---11110-----11111  1
110--10---11111----------  1
110--110--0---------11111  1
110--110--10--------11111  1
110--110--110-------11111  1
110--110--1110------11111  1
110--110--11110-----11111  1
110--110--11111----------  1
110--1110-0---------11111  1
110--1110-10--------11111  1
110--1110-110-------11111  1
110--1110-1110------11111  1
110--1110-11110-----11111  1
110--1110-11111----------  1
110--111100---------11111  1
110--1111010--------11111  1
110--11110110-------11111  1
110--111101110------11111  1
110--1111011110-----11111  1
110--1111011111----------  1
110--11111---------------  1
1110-0----0---------11111  1
1110-0----10--------11111  1
1110-0----110-------11111  1
1110-0----1110------11111  1
1110-0----11110-----11111  1
1110-0----11111----------  1
1110-10---0---------11111  1
1110-10---10--------11111  1
1110-10---110-------11111  1
1110-10---1110------11111  1
1110-10---11110-----11111  1
1110-10---11111----------  1
1110-110--0---------11111  1
1110-110--10--------11111  1
1110-110--110-------11111  1
1110-110--1110------11111  1
1110-110--11110-----11111  1
1110-110--11111----------  1
1110-1110-0---------11111  1
1110-1110-10--------11111  1
1110-1110-110-------11111  1
1110-1110-1110------11111  1
1110-1110-11110-----11111  1
1110-1110-11111----------  1
1110-111100---------11111  1
1110-1111010--------11111  1
1110-11110110-------11111  1
1110-111101110------11111  1
1110-1111011110-----11111  1
1110-1111011111----------  1
1110-11111---------------  1
111100----0---------11111  1
111100----10--------11111  1
111100----110-------11111  1
111100----1110------11111  1
111100----11110-----11111  1
111100----11111----------  1
1111010---0---------11111  1
1111010---10--------11111  1
1111010---110-------11111  1
1111010---1110------11111  1
1111010---11110-----11111  1
1111010---11111----------  1
11110110--0---------11111  1
11110110--10--------11111  1
11110110--110-------11111  1
11110110--1110------11111  1
11110110--11110-----11111  1
11110110--11111----------  1
111101110-0---------11111  1
111101110-10--------11111  1
111101110-110-------11111  1
111101110-1110------11111  1
111101110-11110-----11111  1
111101110-11111----------  1
11110111100---------11111  1
111101111010--------11111  1
1111011110110-------11111  1
11110111101110------11111  1
111101111011110-----11111  1
111101111011111----------  1
1111011111---------------  1
11111--------------------  1

Number of paths to non-zero leaf: 156.000000